2020-03-07 14:13:06.227  INFO 8620 --- [main] c.c.a.ApiPlatformApplication             : Starting ApiPlatformApplication on win10-0003 with PID 8620 (D:\ideaProject\api_platform\target\classes started by 000210 in D:\ideaProject\api_platform)
2020-03-07 14:13:06.255 DEBUG 8620 --- [main] c.c.a.ApiPlatformApplication             : Running with Spring Boot v2.0.9.RELEASE, Spring v5.0.13.RELEASE
2020-03-07 14:13:06.256  INFO 8620 --- [main] c.c.a.ApiPlatformApplication             : The following profiles are active: dev
2020-03-07 14:13:06.314  INFO 8620 --- [main] ConfigServletWebServerApplicationContext : Refreshing org.springframework.boot.web.servlet.context.AnnotationConfigServletWebServerApplicationContext@741a8937: startup date [Sat Mar 07 14:13:06 CST 2020]; root of context hierarchy
2020-03-07 14:13:07.338  INFO 8620 --- [main] .s.d.r.c.RepositoryConfigurationDelegate : Multiple Spring Data modules found, entering strict repository configuration mode!
2020-03-07 14:13:08.832  INFO 8620 --- [main] o.s.b.w.e.t.TomcatWebServer              : Tomcat initialized with port(s): 80 (http)
2020-03-07 14:13:08.867  INFO 8620 --- [main] o.a.c.c.StandardService                  : Starting service [Tomcat]
2020-03-07 14:13:08.867  INFO 8620 --- [main] o.a.c.c.StandardEngine                   : Starting Servlet Engine: Apache Tomcat/8.5.39
2020-03-07 14:13:08.874  INFO 8620 --- [localhost-startStop-1] o.a.c.c.AprLifecycleListener             : The APR based Apache Tomcat Native library which allows optimal performance in production environments was not found on the java.library.path: [C:\Program Files\Java\jdk1.8.0_201\bin;C:\Windows\Sun\Java\bin;C:\Windows\system32;C:\Windows;C:\Program Files (x86)\Common Files\Oracle\Java\javapath;C:\Windows\system32;C:\Windows;C:\Windows\System32\Wbem;C:\Windows\System32\WindowsPowerShell\v1.0\;C:\Program Files\TortoiseSVN\bin;.]
2020-03-07 14:13:09.009  INFO 8620 --- [localhost-startStop-1] o.a.c.c.C.[.[.[/]                        : Initializing Spring embedded WebApplicationContext
2020-03-07 14:13:09.010  INFO 8620 --- [localhost-startStop-1] o.s.w.c.ContextLoader                    : Root WebApplicationContext: initialization completed in 2695 ms
2020-03-07 14:13:09.184  INFO 8620 --- [localhost-startStop-1] o.s.b.w.s.FilterRegistrationBean         : Mapping filter: 'characterEncodingFilter' to: [/*]
2020-03-07 14:13:09.185  INFO 8620 --- [localhost-startStop-1] o.s.b.w.s.FilterRegistrationBean         : Mapping filter: 'hiddenHttpMethodFilter' to: [/*]
2020-03-07 14:13:09.185  INFO 8620 --- [localhost-startStop-1] o.s.b.w.s.FilterRegistrationBean         : Mapping filter: 'httpPutFormContentFilter' to: [/*]
2020-03-07 14:13:09.185  INFO 8620 --- [localhost-startStop-1] o.s.b.w.s.FilterRegistrationBean         : Mapping filter: 'requestContextFilter' to: [/*]
2020-03-07 14:13:09.186  INFO 8620 --- [localhost-startStop-1] .s.DelegatingFilterProxyRegistrationBean : Mapping filter: 'springSecurityFilterChain' to: [/*]
2020-03-07 14:13:09.186  INFO 8620 --- [localhost-startStop-1] o.s.b.w.s.ServletRegistrationBean        : Servlet dispatcherServlet mapped to [/]
2020-03-07 14:13:10.153  INFO 8620 --- [main] s.w.s.m.m.a.RequestMappingHandlerMapping : Mapped "{[/user/{id}],methods=[GET]}" onto public com.chant.api.system.entity.User com.chant.api.system.controller.UserController.getById(java.lang.Long)
2020-03-07 14:13:10.159  INFO 8620 --- [main] s.w.s.m.m.a.RequestMappingHandlerMapping : Mapped "{[/swagger-resources/configuration/security]}" onto public org.springframework.http.ResponseEntity<springfox.documentation.swagger.web.SecurityConfiguration> springfox.documentation.swagger.web.ApiResourceController.securityConfiguration()
2020-03-07 14:13:10.161  INFO 8620 --- [main] s.w.s.m.m.a.RequestMappingHandlerMapping : Mapped "{[/swagger-resources/configuration/ui]}" onto public org.springframework.http.ResponseEntity<springfox.documentation.swagger.web.UiConfiguration> springfox.documentation.swagger.web.ApiResourceController.uiConfiguration()
2020-03-07 14:13:10.162  INFO 8620 --- [main] s.w.s.m.m.a.RequestMappingHandlerMapping : Mapped "{[/swagger-resources]}" onto public org.springframework.http.ResponseEntity<java.util.List<springfox.documentation.swagger.web.SwaggerResource>> springfox.documentation.swagger.web.ApiResourceController.swaggerResources()
2020-03-07 14:13:10.167  INFO 8620 --- [main] s.w.s.m.m.a.RequestMappingHandlerMapping : Mapped "{[/error]}" onto public org.springframework.http.ResponseEntity<java.util.Map<java.lang.String, java.lang.Object>> org.springframework.boot.autoconfigure.web.servlet.error.BasicErrorController.error(javax.servlet.http.HttpServletRequest)
2020-03-07 14:13:10.169  INFO 8620 --- [main] s.w.s.m.m.a.RequestMappingHandlerMapping : Mapped "{[/error],produces=[text/html]}" onto public org.springframework.web.servlet.ModelAndView org.springframework.boot.autoconfigure.web.servlet.error.BasicErrorController.errorHtml(javax.servlet.http.HttpServletRequest,javax.servlet.http.HttpServletResponse)
2020-03-07 14:13:10.709  INFO 8620 --- [main] o.s.s.w.DefaultSecurityFilterChain       : Creating filter chain: org.springframework.security.web.util.matcher.AnyRequestMatcher@1, [org.springframework.security.web.context.request.async.WebAsyncManagerIntegrationFilter@3f6bf8aa, org.springframework.security.web.context.SecurityContextPersistenceFilter@748a654a, org.springframework.security.web.header.HeaderWriterFilter@1943c1f2, org.springframework.web.filter.CorsFilter@13c8ac77, org.springframework.security.web.authentication.logout.LogoutFilter@642857e0, com.chant.api.common.config.security.JWTAuthenticationFilter@4bdf, com.chant.api.common.config.security.JWTAuthorizationFilter@4cad79bc, org.springframework.security.web.savedrequest.RequestCacheAwareFilter@76544c0a, org.springframework.security.web.servletapi.SecurityContextHolderAwareRequestFilter@65a9ea3c, org.springframework.security.web.authentication.AnonymousAuthenticationFilter@2c63762b, org.springframework.security.web.session.SessionManagementFilter@1e1eeedd, org.springframework.security.web.access.ExceptionTranslationFilter@67022ea, org.springframework.security.web.access.intercept.FilterSecurityInterceptor@42f85fa4]
2020-03-07 14:13:10.785  INFO 8620 --- [main] pertySourcedRequestMappingHandlerMapping : Mapped URL path [/v2/api-docs] onto method [public org.springframework.http.ResponseEntity<springfox.documentation.spring.web.json.Json> springfox.documentation.swagger2.web.Swagger2Controller.getDocumentation(java.lang.String,javax.servlet.http.HttpServletRequest)]
2020-03-07 14:13:10.963  INFO 8620 --- [main] o.s.w.s.h.SimpleUrlHandlerMapping        : Mapped URL path [/**/favicon.ico] onto handler of type [class org.springframework.web.servlet.resource.ResourceHttpRequestHandler]
2020-03-07 14:13:11.327  INFO 8620 --- [main] s.w.s.m.m.a.RequestMappingHandlerAdapter : Looking for @ControllerAdvice: org.springframework.boot.web.servlet.context.AnnotationConfigServletWebServerApplicationContext@741a8937: startup date [Sat Mar 07 14:13:06 CST 2020]; root of context hierarchy
2020-03-07 14:13:11.421  INFO 8620 --- [main] o.s.w.s.h.SimpleUrlHandlerMapping        : Mapped URL path [/webjars/**] onto handler of type [class org.springframework.web.servlet.resource.ResourceHttpRequestHandler]
2020-03-07 14:13:11.421  INFO 8620 --- [main] o.s.w.s.h.SimpleUrlHandlerMapping        : Mapped URL path [/**] onto handler of type [class org.springframework.web.servlet.resource.ResourceHttpRequestHandler]
2020-03-07 14:13:11.447  INFO 8620 --- [main] .m.m.a.ExceptionHandlerExceptionResolver : Detected @ExceptionHandler methods in controllerExceptionHandlerAdvice
2020-03-07 14:13:12.462  INFO 8620 --- [main] o.s.j.e.a.AnnotationMBeanExporter        : Registering beans for JMX exposure on startup
2020-03-07 14:13:12.476  INFO 8620 --- [main] o.s.c.s.DefaultLifecycleProcessor        : Starting beans in phase 2147483647
2020-03-07 14:13:12.476  INFO 8620 --- [main] d.s.w.p.DocumentationPluginsBootstrapper : Context refreshed
2020-03-07 14:13:12.500  INFO 8620 --- [main] d.s.w.p.DocumentationPluginsBootstrapper : Found 1 custom documentation plugin(s)
2020-03-07 14:13:12.544  INFO 8620 --- [main] s.d.s.w.s.ApiListingReferenceScanner     : Scanning for api listing references
2020-03-07 14:13:12.784  INFO 8620 --- [main] o.s.b.w.e.t.TomcatWebServer              : Tomcat started on port(s): 80 (http) with context path ''
2020-03-07 14:13:12.789  INFO 8620 --- [main] c.c.a.ApiPlatformApplication             : Started ApiPlatformApplication in 7.267 seconds (JVM running for 8.476)
2020-03-07 14:13:28.410  INFO 8620 --- [http-nio-80-exec-2] o.a.c.c.C.[.[.[/]                        : Initializing Spring FrameworkServlet 'dispatcherServlet'
2020-03-07 14:13:28.411  INFO 8620 --- [http-nio-80-exec-2] o.s.w.s.DispatcherServlet                : FrameworkServlet 'dispatcherServlet': initialization started
2020-03-07 14:13:28.446  INFO 8620 --- [http-nio-80-exec-2] o.s.w.s.DispatcherServlet                : FrameworkServlet 'dispatcherServlet': initialization completed in 35 ms
2020-03-07 14:13:28.470 DEBUG 8620 --- [http-nio-80-exec-2] c.c.a.c.c.s.JWTAuthenticationFilter      : Request is to process authentication
2020-03-07 14:13:29.050 DEBUG 8620 --- [http-nio-80-exec-2] c.c.a.c.c.s.JWTAuthenticationFilter      : 
JWT鉴权成功 :
